<?xml version="1.0" encoding="UTF-8"?>
<!-- Generated by org.testng.reporters.JUnitReportReporter -->
<testsuite hostname="DESKTOP-PP9JQ79" failures="0" tests="1" name="Testng.test1" time="0.029" errors="0" timestamp="2022-07-01T08:15:09 IST" skipped="0">
  <testcase classname="Testng.test1" name="demo1" time="0.029"/>
  <system-out>
    <![CDATA[welcome]]>
  </system-out>
</testsuite> <!-- Testng.test1 -->
