<?xml version="1.0" encoding="UTF-8"?>
<!-- Generated by org.testng.reporters.JUnitReportReporter -->
<testsuite hostname="DESKTOP-PP9JQ79" failures="0" tests="1" name="Practice.sample" time="0.016" errors="0" timestamp="2022-08-08T12:57:25 IST" skipped="0">
  <testcase classname="Practice.sample" name="modify" time="0.016"/>
  <system-out/>
</testsuite> <!-- Practice.sample -->
