<?xml version="1.0" encoding="UTF-8"?>
<!-- Generated by org.testng.reporters.JUnitReportReporter -->
<testsuite hostname="DESKTOP-PP9JQ79" failures="0" tests="1" name="Practice.sampleinnvocation" time="0.008" errors="0" timestamp="2022-08-04T15:19:32 IST" skipped="0">
  <testcase classname="Practice.sampleinnvocation" name="add" time="0.008"/>
  <system-out/>
</testsuite> <!-- Practice.sampleinnvocation -->
