<?xml version="1.0" encoding="UTF-8"?>
<!-- Generated by org.testng.reporters.JUnitReportReporter -->
<testsuite hostname="DESKTOP-PP9JQ79" failures="0" tests="1" name="com.crm.sdet.organization.createOrganization" time="27.014" errors="0" timestamp="2022-08-03T15:56:31 IST" skipped="0">
  <testcase classname="com.crm.sdet.organization.createOrganization" name="createorganization" time="27.014"/>
  <system-out/>
</testsuite> <!-- com.crm.sdet.organization.createOrganization -->
