<?xml version="1.0" encoding="UTF-8"?>
<!-- Generated by org.testng.reporters.JUnitReportReporter -->
<testsuite hostname="DESKTOP-PP9JQ79" failures="0" tests="1" name="com.crm.sdet.campaign.CreateCampaignWithProductNameTest" time="30.403" errors="0" timestamp="2022-08-11T13:53:04 IST" skipped="0">
  <testcase classname="com.crm.sdet.campaign.CreateCampaignWithProductNameTest" name="createcampaignwithproductname" time="30.403"/>
  <system-out/>
</testsuite> <!-- com.crm.sdet.campaign.CreateCampaignWithProductNameTest -->
