<?xml version="1.0" encoding="UTF-8"?>
<!-- Generated by org.testng.reporters.JUnitReportReporter -->
<testsuite hostname="DESKTOP-PP9JQ79" failures="0" tests="1" name="com.crm.sdet.product.createproductTest" time="14.273" errors="0" timestamp="2022-08-11T13:53:04 IST" skipped="0">
  <testcase classname="com.crm.sdet.product.createproductTest" name="createproduct" time="14.273"/>
  <system-out/>
</testsuite> <!-- com.crm.sdet.product.createproductTest -->
